Using pre-set license
Built from '2021.1/staging' branch; Version is '2021.1.7f1 (d91830b65d9b) revision 14227504'; Using compiler version '192528614'; Build Type 'Release'
OS: 'Windows 10 Pro; OS build 19042.1348; Version 2009; 64bit' Language: 'en' Physical Memory: 16315 MB
BatchMode: 1, IsHumanControllingUs: 0, StartBugReporterOnCrash: 0, Is64bit: 1, IsPro: 0

 COMMAND LINE ARGUMENTS:
C:\Program Files\Unity\Hub\Editor\2021.1.7f1\Editor\Unity.exe
-adb2
-batchMode
-noUpm
-name
AssetImportWorker0
-projectPath
C:/Users/itisd/Documents/Platformer-Side-Build/Spirte Mask Game
-logFile
Logs/AssetImportWorker0.log
-srvPort
63393
Successfully changed project path to: C:/Users/itisd/Documents/Platformer-Side-Build/Spirte Mask Game
C:/Users/itisd/Documents/Platformer-Side-Build/Spirte Mask Game
Using Asset Import Pipeline V2.
Refreshing native plugins compatible for Editor in 92.77 ms, found 2 plugins.
Preloading 0 native plugins for Editor in 0.00 ms.
Initialize engine version: 2021.1.7f1 (d91830b65d9b)
[Subsystems] Discovering subsystems at path C:/Program Files/Unity/Hub/Editor/2021.1.7f1/Editor/Data/Resources/UnitySubsystems
[Subsystems] Discovering subsystems at path C:/Users/itisd/Documents/Platformer-Side-Build/Spirte Mask Game/Assets
GfxDevice: creating device client; threaded=0; jobified=0
Direct3D:
    Version:  Direct3D 11.0 [level 11.1]
    Renderer: NVIDIA GeForce GTX 1070 Ti (ID=0x1b82)
    Vendor:   NVIDIA
    VRAM:     8079 MB
    Driver:   27.21.14.6589
Initialize mono
Mono path[0] = 'C:/Program Files/Unity/Hub/Editor/2021.1.7f1/Editor/Data/Managed'
Mono path[1] = 'C:/Program Files/Unity/Hub/Editor/2021.1.7f1/Editor/Data/MonoBleedingEdge/lib/mono/unityjit'
Mono config path = 'C:/Program Files/Unity/Hub/Editor/2021.1.7f1/Editor/Data/MonoBleedingEdge/etc'
Using monoOptions --debugger-agent=transport=dt_socket,embedding=1,server=y,suspend=n,address=127.0.0.1:56004
Begin MonoManager ReloadAssembly
Registering precompiled unity dll's ...
Register platform support module: C:/Program Files/Unity/Hub/Editor/2021.1.7f1/Editor/Data/PlaybackEngines/WindowsStandaloneSupport/UnityEditor.WindowsStandalone.Extensions.dll
Registered in 0.001899 seconds.
Native extension for WindowsStandalone target not found
Refreshing native plugins compatible for Editor in 102.13 ms, found 2 plugins.
Preloading 0 native plugins for Editor in 0.00 ms.
Mono: successfully reloaded assembly
- Completed reload, in  1.783 seconds
Platform modules already initialized, skipping
Registering precompiled user dll's ...
Registered in 0.002965 seconds.
Begin MonoManager ReloadAssembly
Symbol file LoadedFromMemory doesn't match image C:\Users\itisd\Documents\Platformer-Side-Build\Spirte Mask Game\Library\PackageCache\com.unity.visualscripting@1.6.1\Editor\VisualScripting.Core\Dependencies\YamlDotNet\Unity.VisualScripting.YamlDotNet.dll
Symbol file LoadedFromMemory doesn't match image C:\Users\itisd\Documents\Platformer-Side-Build\Spirte Mask Game\Library\PackageCache\com.unity.visualscripting@1.6.1\Editor\VisualScripting.Core\Dependencies\DotNetZip\Unity.VisualScripting.IonicZip.dll
Native extension for WindowsStandalone target not found
Refreshing native plugins compatible for Editor in 94.15 ms, found 2 plugins.
Preloading 0 native plugins for Editor in 0.00 ms.
Mono: successfully reloaded assembly
- Completed reload, in  1.087 seconds
Platform modules already initialized, skipping
========================================================================
Worker process is ready to serve import requests
Launched and connected shader compiler UnityShaderCompiler.exe after 0.04 seconds
Refreshing native plugins compatible for Editor in 0.60 ms, found 2 plugins.
Preloading 0 native plugins for Editor in 0.00 ms.
Unloading 3377 Unused Serialized files (Serialized files now loaded: 0)
System memory in use before: 128.0 MB.
System memory in use after: 128.2 MB.

Unloading 23 unused Assets to reduce memory usage. Loaded Objects now: 3835.
Total: 2.283700 ms (FindLiveObjects: 0.211800 ms CreateObjectMapping: 0.142700 ms MarkObjects: 1.875700 ms  DeleteObjects: 0.052900 ms)

========================================================================
Received Import Request.
  path: Assets/Scenes/Game.unity
  artifactKey: Guid(2cda990e2423bbf4892e6590ba056729) Importer(815301076,1909f56bfc062723c751e8b465ee728b)
Start importing Assets/Scenes/Game.unity using Guid(2cda990e2423bbf4892e6590ba056729) Importer(815301076,1909f56bfc062723c751e8b465ee728b)  -> (artifact id: 'fe4a9aed168bea06c40a99f89e9d5cad') in 0.017941 seconds 
========================================================================
Received Import Request.
  Time since last request: 5.944902 seconds.
  path: Assets/Platformer Art Pack/Art/Sprites/Backgrounds.png
  artifactKey: Guid(386c3aaa65c46b9479123e28bb739e77) Importer(815301076,1909f56bfc062723c751e8b465ee728b)
Start importing Assets/Platformer Art Pack/Art/Sprites/Backgrounds.png using Guid(386c3aaa65c46b9479123e28bb739e77) Importer(815301076,1909f56bfc062723c751e8b465ee728b)  -> (artifact id: '8c889eb439aecabac9c70be907990de7') in 0.100757 seconds 
========================================================================
Received Import Request.
  Time since last request: 0.000235 seconds.
  path: Assets/Platformer Art Pack/Art/Sprites/Misc.png
  artifactKey: Guid(bf16436f2e121c6419787e061162f094) Importer(815301076,1909f56bfc062723c751e8b465ee728b)
Start importing Assets/Platformer Art Pack/Art/Sprites/Misc.png using Guid(bf16436f2e121c6419787e061162f094) Importer(815301076,1909f56bfc062723c751e8b465ee728b)  -> (artifact id: 'c0306a07f1e53486905a5e44215d471a') in 0.061089 seconds 
========================================================================
Received Import Request.
  Time since last request: 0.000221 seconds.
  path: Assets/Platformer Art Pack/Art/Sprites/Player.png
  artifactKey: Guid(dcb71080eeeb5cd4e93f398bfac90c98) Importer(815301076,1909f56bfc062723c751e8b465ee728b)
Start importing Assets/Platformer Art Pack/Art/Sprites/Player.png using Guid(dcb71080eeeb5cd4e93f398bfac90c98) Importer(815301076,1909f56bfc062723c751e8b465ee728b)  -> (artifact id: '030a5551d7b6c03c039601437e17396a') in 0.032067 seconds 
========================================================================
Received Import Request.
  Time since last request: 0.000236 seconds.
  path: Assets/Platformer Art Pack/Art/Sprites/Flagpoles.png
  artifactKey: Guid(8830636237e646e4085c5b77d3e823ef) Importer(815301076,1909f56bfc062723c751e8b465ee728b)
Start importing Assets/Platformer Art Pack/Art/Sprites/Flagpoles.png using Guid(8830636237e646e4085c5b77d3e823ef) Importer(815301076,1909f56bfc062723c751e8b465ee728b)  -> (artifact id: 'b34e33b8ed07a8982a4a60c7afc36b89') in 0.021615 seconds 
========================================================================
Received Import Request.
  Time since last request: 39.798984 seconds.
  path: Assets/Platformer Art Pack/Art/Sprites/redFlag.anim
  artifactKey: Guid(4ad05c415e50bb5468fe241ee9e81a77) Importer(815301076,1909f56bfc062723c751e8b465ee728b)
Start importing Assets/Platformer Art Pack/Art/Sprites/redFlag.anim using Guid(4ad05c415e50bb5468fe241ee9e81a77) Importer(815301076,1909f56bfc062723c751e8b465ee728b)  -> (artifact id: '8c9729cb58562485bfb8f908f5fb142b') in 0.009551 seconds 
========================================================================
Received Import Request.
  Time since last request: 6.738381 seconds.
  path: Assets/Animations
  artifactKey: Guid(caf991977a70a74458eee9dc19e6f2f7) Importer(815301076,1909f56bfc062723c751e8b465ee728b)
Start importing Assets/Animations using Guid(caf991977a70a74458eee9dc19e6f2f7) Importer(815301076,1909f56bfc062723c751e8b465ee728b)  -> (artifact id: 'f372b155bc62f6d07b19b405693e3237') in 0.005593 seconds 
========================================================================
Received Import Request.
  Time since last request: 4.003265 seconds.
  path: Assets/Platformer Art Pack/Art/Sprites
  artifactKey: Guid(977ffd8428234a143bb6cb8779fb7a07) Importer(815301076,1909f56bfc062723c751e8b465ee728b)
Start importing Assets/Platformer Art Pack/Art/Sprites using Guid(977ffd8428234a143bb6cb8779fb7a07) Importer(815301076,1909f56bfc062723c751e8b465ee728b)  -> (artifact id: 'e9b1118edad123aabfbc70078be7bce4') in 0.005475 seconds 
========================================================================
Received Import Request.
  Time since last request: 49.434679 seconds.
  path: Assets/Animations/redFlag.controller
  artifactKey: Guid(3915084e62fba6a4fb1d8b013a924c72) Importer(815301076,1909f56bfc062723c751e8b465ee728b)
Start importing Assets/Animations/redFlag.controller using Guid(3915084e62fba6a4fb1d8b013a924c72) Importer(815301076,1909f56bfc062723c751e8b465ee728b)  -> (artifact id: '892cd7bc1c422beb60d35be24b990f4b') in 0.004505 seconds 
========================================================================
Received Prepare
Registering precompiled user dll's ...
Registered in 0.002841 seconds.
Begin MonoManager ReloadAssembly
Symbol file LoadedFromMemory doesn't match image C:\Users\itisd\Documents\Platformer-Side-Build\Spirte Mask Game\Library\PackageCache\com.unity.visualscripting@1.6.1\Editor\VisualScripting.Core\Dependencies\YamlDotNet\Unity.VisualScripting.YamlDotNet.dll
Symbol file LoadedFromMemory doesn't match image C:\Users\itisd\Documents\Platformer-Side-Build\Spirte Mask Game\Library\PackageCache\com.unity.visualscripting@1.6.1\Editor\VisualScripting.Core\Dependencies\DotNetZip\Unity.VisualScripting.IonicZip.dll
Native extension for WindowsStandalone target not found
Refreshing native plugins compatible for Editor in 0.62 ms, found 2 plugins.
Preloading 0 native plugins for Editor in 0.00 ms.
Mono: successfully reloaded assembly
- Completed reload, in  0.924 seconds
Platform modules already initialized, skipping
Refreshing native plugins compatible for Editor in 0.65 ms, found 2 plugins.
Preloading 0 native plugins for Editor in 0.00 ms.
Unloading 3371 Unused Serialized files (Serialized files now loaded: 0)
System memory in use before: 133.3 MB.
System memory in use after: 133.6 MB.

Unloading 11 unused Assets to reduce memory usage. Loaded Objects now: 3915.
Total: 2.217200 ms (FindLiveObjects: 0.232300 ms CreateObjectMapping: 0.152600 ms MarkObjects: 1.813900 ms  DeleteObjects: 0.017700 ms)

========================================================================
Received Prepare
Registering precompiled user dll's ...
Registered in 0.002968 seconds.
Begin MonoManager ReloadAssembly
Symbol file LoadedFromMemory doesn't match image C:\Users\itisd\Documents\Platformer-Side-Build\Spirte Mask Game\Library\PackageCache\com.unity.visualscripting@1.6.1\Editor\VisualScripting.Core\Dependencies\YamlDotNet\Unity.VisualScripting.YamlDotNet.dll
Symbol file LoadedFromMemory doesn't match image C:\Users\itisd\Documents\Platformer-Side-Build\Spirte Mask Game\Library\PackageCache\com.unity.visualscripting@1.6.1\Editor\VisualScripting.Core\Dependencies\DotNetZip\Unity.VisualScripting.IonicZip.dll
Native extension for WindowsStandalone target not found
Refreshing native plugins compatible for Editor in 0.74 ms, found 2 plugins.
Preloading 0 native plugins for Editor in 0.00 ms.
Mono: successfully reloaded assembly
- Completed reload, in  0.926 seconds
Platform modules already initialized, skipping
Refreshing native plugins compatible for Editor in 0.60 ms, found 2 plugins.
Preloading 0 native plugins for Editor in 0.00 ms.
Unloading 3367 Unused Serialized files (Serialized files now loaded: 0)
System memory in use before: 133.2 MB.
System memory in use after: 133.4 MB.

Unloading 11 unused Assets to reduce memory usage. Loaded Objects now: 3919.
Total: 2.505700 ms (FindLiveObjects: 0.219900 ms CreateObjectMapping: 0.151800 ms MarkObjects: 2.113500 ms  DeleteObjects: 0.019400 ms)

========================================================================
Received Prepare
Registering precompiled user dll's ...
Registered in 0.002818 seconds.
Begin MonoManager ReloadAssembly
Symbol file LoadedFromMemory doesn't match image C:\Users\itisd\Documents\Platformer-Side-Build\Spirte Mask Game\Library\PackageCache\com.unity.visualscripting@1.6.1\Editor\VisualScripting.Core\Dependencies\YamlDotNet\Unity.VisualScripting.YamlDotNet.dll
Symbol file LoadedFromMemory doesn't match image C:\Users\itisd\Documents\Platformer-Side-Build\Spirte Mask Game\Library\PackageCache\com.unity.visualscripting@1.6.1\Editor\VisualScripting.Core\Dependencies\DotNetZip\Unity.VisualScripting.IonicZip.dll
Native extension for WindowsStandalone target not found
Refreshing native plugins compatible for Editor in 0.59 ms, found 2 plugins.
Preloading 0 native plugins for Editor in 0.00 ms.
Mono: successfully reloaded assembly
- Completed reload, in  0.870 seconds
Platform modules already initialized, skipping
Refreshing native plugins compatible for Editor in 0.59 ms, found 2 plugins.
Preloading 0 native plugins for Editor in 0.00 ms.
Unloading 3367 Unused Serialized files (Serialized files now loaded: 0)
System memory in use before: 133.2 MB.
System memory in use after: 133.5 MB.

Unloading 11 unused Assets to reduce memory usage. Loaded Objects now: 3923.
Total: 2.189900 ms (FindLiveObjects: 0.206000 ms CreateObjectMapping: 0.128600 ms MarkObjects: 1.841300 ms  DeleteObjects: 0.013300 ms)

========================================================================
Received Prepare
Registering precompiled user dll's ...
Registered in 0.002901 seconds.
Begin MonoManager ReloadAssembly
Symbol file LoadedFromMemory doesn't match image C:\Users\itisd\Documents\Platformer-Side-Build\Spirte Mask Game\Library\PackageCache\com.unity.visualscripting@1.6.1\Editor\VisualScripting.Core\Dependencies\YamlDotNet\Unity.VisualScripting.YamlDotNet.dll
Symbol file LoadedFromMemory doesn't match image C:\Users\itisd\Documents\Platformer-Side-Build\Spirte Mask Game\Library\PackageCache\com.unity.visualscripting@1.6.1\Editor\VisualScripting.Core\Dependencies\DotNetZip\Unity.VisualScripting.IonicZip.dll
Native extension for WindowsStandalone target not found
Refreshing native plugins compatible for Editor in 0.62 ms, found 2 plugins.
Preloading 0 native plugins for Editor in 0.00 ms.
Mono: successfully reloaded assembly
- Completed reload, in  0.900 seconds
Platform modules already initialized, skipping
Refreshing native plugins compatible for Editor in 0.67 ms, found 2 plugins.
Preloading 0 native plugins for Editor in 0.00 ms.
Unloading 3367 Unused Serialized files (Serialized files now loaded: 0)
System memory in use before: 133.3 MB.
System memory in use after: 133.5 MB.

Unloading 11 unused Assets to reduce memory usage. Loaded Objects now: 3927.
Total: 2.209000 ms (FindLiveObjects: 0.223800 ms CreateObjectMapping: 0.152300 ms MarkObjects: 1.815100 ms  DeleteObjects: 0.017200 ms)

========================================================================
Received Import Request.
  Time since last request: 169.801489 seconds.
  path: Assets/Project
  artifactKey: Guid(fbcba0537d4208b42a780a0046d96982) Importer(815301076,1909f56bfc062723c751e8b465ee728b)
Start importing Assets/Project using Guid(fbcba0537d4208b42a780a0046d96982) Importer(815301076,1909f56bfc062723c751e8b465ee728b)  -> (artifact id: 'ffd7c5ba8eeae51835c63de90a9d4e72') in 0.008973 seconds 
========================================================================
Received Prepare
Registering precompiled user dll's ...
Registered in 0.002916 seconds.
Begin MonoManager ReloadAssembly
Symbol file LoadedFromMemory doesn't match image C:\Users\itisd\Documents\Platformer-Side-Build\Spirte Mask Game\Library\PackageCache\com.unity.visualscripting@1.6.1\Editor\VisualScripting.Core\Dependencies\YamlDotNet\Unity.VisualScripting.YamlDotNet.dll
Symbol file LoadedFromMemory doesn't match image C:\Users\itisd\Documents\Platformer-Side-Build\Spirte Mask Game\Library\PackageCache\com.unity.visualscripting@1.6.1\Editor\VisualScripting.Core\Dependencies\DotNetZip\Unity.VisualScripting.IonicZip.dll
Native extension for WindowsStandalone target not found
Refreshing native plugins compatible for Editor in 0.60 ms, found 2 plugins.
Preloading 0 native plugins for Editor in 0.00 ms.
Mono: successfully reloaded assembly
- Completed reload, in  0.898 seconds
Platform modules already initialized, skipping
Refreshing native plugins compatible for Editor in 0.60 ms, found 2 plugins.
Preloading 0 native plugins for Editor in 0.00 ms.
Unloading 3367 Unused Serialized files (Serialized files now loaded: 0)
System memory in use before: 133.3 MB.
System memory in use after: 133.5 MB.

Unloading 11 unused Assets to reduce memory usage. Loaded Objects now: 3931.
Total: 2.206600 ms (FindLiveObjects: 0.225300 ms CreateObjectMapping: 0.149800 ms MarkObjects: 1.791800 ms  DeleteObjects: 0.039100 ms)

========================================================================
Received Import Request.
  Time since last request: 79.857131 seconds.
  path: Assets/Project/Rule TIle's
  artifactKey: Guid(b746c5743e80b0445b7940835f2b6ac5) Importer(815301076,1909f56bfc062723c751e8b465ee728b)
Start importing Assets/Project/Rule TIle's using Guid(b746c5743e80b0445b7940835f2b6ac5) Importer(815301076,1909f56bfc062723c751e8b465ee728b)  -> (artifact id: '91e60d2eb0b369e0dfbab77fc70cf4f8') in 0.008849 seconds 
========================================================================
Received Prepare
Registering precompiled user dll's ...
Registered in 0.003010 seconds.
Begin MonoManager ReloadAssembly
Symbol file LoadedFromMemory doesn't match image C:\Users\itisd\Documents\Platformer-Side-Build\Spirte Mask Game\Library\PackageCache\com.unity.visualscripting@1.6.1\Editor\VisualScripting.Core\Dependencies\YamlDotNet\Unity.VisualScripting.YamlDotNet.dll
Symbol file LoadedFromMemory doesn't match image C:\Users\itisd\Documents\Platformer-Side-Build\Spirte Mask Game\Library\PackageCache\com.unity.visualscripting@1.6.1\Editor\VisualScripting.Core\Dependencies\DotNetZip\Unity.VisualScripting.IonicZip.dll
Native extension for WindowsStandalone target not found
Refreshing native plugins compatible for Editor in 0.61 ms, found 2 plugins.
Preloading 0 native plugins for Editor in 0.00 ms.
Mono: successfully reloaded assembly
- Completed reload, in  0.909 seconds
Platform modules already initialized, skipping
Refreshing native plugins compatible for Editor in 0.70 ms, found 2 plugins.
Preloading 0 native plugins for Editor in 0.00 ms.
Unloading 3387 Unused Serialized files (Serialized files now loaded: 0)
System memory in use before: 134.0 MB.
System memory in use after: 134.2 MB.

Unloading 11 unused Assets to reduce memory usage. Loaded Objects now: 3955.
Total: 2.475100 ms (FindLiveObjects: 0.241200 ms CreateObjectMapping: 0.166700 ms MarkObjects: 2.047400 ms  DeleteObjects: 0.018700 ms)

========================================================================
Received Import Request.
  Time since last request: 657.213843 seconds.
  path: Assets/Project/Rule TIle's/RuleTile.asset
  artifactKey: Guid(cd5e4d3a5e0adb74ca0340c96fa1d385) Importer(815301076,1909f56bfc062723c751e8b465ee728b)
Start importing Assets/Project/Rule TIle's/RuleTile.asset using Guid(cd5e4d3a5e0adb74ca0340c96fa1d385) Importer(815301076,1909f56bfc062723c751e8b465ee728b)  -> (artifact id: '2be1cc28a83659ab346edc648774a5b6') in 0.025319 seconds 
========================================================================
Received Import Request.
  Time since last request: 39.695270 seconds.
  path: Assets/Platformer Art Pack/Art
  artifactKey: Guid(66ca83ad1b660a64db49fb9ca811f8f6) Importer(815301076,1909f56bfc062723c751e8b465ee728b)
Start importing Assets/Platformer Art Pack/Art using Guid(66ca83ad1b660a64db49fb9ca811f8f6) Importer(815301076,1909f56bfc062723c751e8b465ee728b)  -> (artifact id: '78308b1dbf9403d774fa1cb5e6691d5c') in 0.005291 seconds 
========================================================================
Received Import Request.
  Time since last request: 4.652828 seconds.
  path: Assets/Platformer Art Pack/Art/Palette/TilePalette.prefab
  artifactKey: Guid(28394f8d6d2b5fc43a2778847362eb9d) Importer(815301076,1909f56bfc062723c751e8b465ee728b)
Start importing Assets/Platformer Art Pack/Art/Palette/TilePalette.prefab using Guid(28394f8d6d2b5fc43a2778847362eb9d) Importer(815301076,1909f56bfc062723c751e8b465ee728b)  -> (artifact id: '4f4d1e65e45baaa5f3e7b31dbdc1d001') in 0.020524 seconds 
========================================================================
Received Import Request.
  Time since last request: 73.239346 seconds.
  path: Assets/Platformer Art Pack/Art/Palette
  artifactKey: Guid(7bc7e3c63cd5302408fe7a79205bb1ed) Importer(815301076,1909f56bfc062723c751e8b465ee728b)
Start importing Assets/Platformer Art Pack/Art/Palette using Guid(7bc7e3c63cd5302408fe7a79205bb1ed) Importer(815301076,1909f56bfc062723c751e8b465ee728b)  -> (artifact id: '06a7694b8a1c86a376497b9476f6becd') in 0.006648 seconds 
========================================================================
Received Import Request.
  Time since last request: 2.135835 seconds.
  path: Assets/Platformer Art Pack/Art/Tiles
  artifactKey: Guid(0808339836f7bbd47ac536922c034260) Importer(815301076,1909f56bfc062723c751e8b465ee728b)
Start importing Assets/Platformer Art Pack/Art/Tiles using Guid(0808339836f7bbd47ac536922c034260) Importer(815301076,1909f56bfc062723c751e8b465ee728b)  -> (artifact id: 'eb85f57b3754ec1b4ba08dd7026df04e') in 0.005569 seconds 
========================================================================
Received Import Request.
  Time since last request: 0.067099 seconds.
  path: Assets/Platformer Art Pack/Art/Tiles/Tilemap.png
  artifactKey: Guid(6acc3cc9a4173b644bb11df9d60a0818) Importer(815301076,1909f56bfc062723c751e8b465ee728b)
Start importing Assets/Platformer Art Pack/Art/Tiles/Tilemap.png using Guid(6acc3cc9a4173b644bb11df9d60a0818) Importer(815301076,1909f56bfc062723c751e8b465ee728b)  -> (artifact id: '9998e47fb3e7ef7c4d75dad605b96d5e') in 0.750583 seconds 
========================================================================
Received Import Request.
  Time since last request: 0.000229 seconds.
  path: Assets/Platformer Art Pack/Art/Tiles/Tilemap_7.asset
  artifactKey: Guid(90169bebe6833224a8f80594cb61be4d) Importer(815301076,1909f56bfc062723c751e8b465ee728b)
Start importing Assets/Platformer Art Pack/Art/Tiles/Tilemap_7.asset using Guid(90169bebe6833224a8f80594cb61be4d) Importer(815301076,1909f56bfc062723c751e8b465ee728b)  -> (artifact id: '47de872e978e792eeee8b4f2c3d7cd35') in 0.017665 seconds 
========================================================================
Received Import Request.
  Time since last request: 0.000213 seconds.
  path: Assets/Platformer Art Pack/Art/Tiles/Tilemap_3.asset
  artifactKey: Guid(9d0ceaf1a03c5514b8fd6013b1c96fe0) Importer(815301076,1909f56bfc062723c751e8b465ee728b)
Start importing Assets/Platformer Art Pack/Art/Tiles/Tilemap_3.asset using Guid(9d0ceaf1a03c5514b8fd6013b1c96fe0) Importer(815301076,1909f56bfc062723c751e8b465ee728b)  -> (artifact id: 'b990773487ba0a196c2d70b363f60ca4') in 0.009933 seconds 
========================================================================
Received Import Request.
  Time since last request: 0.000224 seconds.
  path: Assets/Platformer Art Pack/Art/Tiles/Tilemap_1.asset
  artifactKey: Guid(eec6c48a3d43fc242ba3e3d83873f7af) Importer(815301076,1909f56bfc062723c751e8b465ee728b)
Start importing Assets/Platformer Art Pack/Art/Tiles/Tilemap_1.asset using Guid(eec6c48a3d43fc242ba3e3d83873f7af) Importer(815301076,1909f56bfc062723c751e8b465ee728b)  -> (artifact id: '64abd770023b135b09ce94986804e603') in 0.012340 seconds 
========================================================================
Received Import Request.
  Time since last request: 0.000246 seconds.
  path: Assets/Platformer Art Pack/Art/Tiles/Tilemap_2.asset
  artifactKey: Guid(d8f0e46ce26244948a78532d56f080e5) Importer(815301076,1909f56bfc062723c751e8b465ee728b)
Start importing Assets/Platformer Art Pack/Art/Tiles/Tilemap_2.asset using Guid(d8f0e46ce26244948a78532d56f080e5) Importer(815301076,1909f56bfc062723c751e8b465ee728b)  -> (artifact id: 'ecb03a8c627badda4402502a763a816a') in 0.009802 seconds 
========================================================================
Received Import Request.
  Time since last request: 0.000275 seconds.
  path: Assets/Platformer Art Pack/Art/Tiles/Tilemap_5.asset
  artifactKey: Guid(b85afef1ccc144b448b5af5ebe35cd28) Importer(815301076,1909f56bfc062723c751e8b465ee728b)
Start importing Assets/Platformer Art Pack/Art/Tiles/Tilemap_5.asset using Guid(b85afef1ccc144b448b5af5ebe35cd28) Importer(815301076,1909f56bfc062723c751e8b465ee728b)  -> (artifact id: '119ad60a5cfe880fd5c924e147cf7fb3') in 0.010500 seconds 
========================================================================
Received Import Request.
  Time since last request: 0.000276 seconds.
  path: Assets/Platformer Art Pack/Art/Tiles/Tilemap_4.asset
  artifactKey: Guid(3f366403e254e944aa75c47d87b70b04) Importer(815301076,1909f56bfc062723c751e8b465ee728b)
Start importing Assets/Platformer Art Pack/Art/Tiles/Tilemap_4.asset using Guid(3f366403e254e944aa75c47d87b70b04) Importer(815301076,1909f56bfc062723c751e8b465ee728b)  -> (artifact id: '4c8de04a205588023c639d473b1e440b') in 0.011645 seconds 
========================================================================
Received Import Request.
  Time since last request: 0.000265 seconds.
  path: Assets/Platformer Art Pack/Art/Tiles/Tilemap_6.asset
  artifactKey: Guid(8cecc2afb1956034b8ba6aa7c20143b7) Importer(815301076,1909f56bfc062723c751e8b465ee728b)
Start importing Assets/Platformer Art Pack/Art/Tiles/Tilemap_6.asset using Guid(8cecc2afb1956034b8ba6aa7c20143b7) Importer(815301076,1909f56bfc062723c751e8b465ee728b)  -> (artifact id: '96bd52dfd8483bb2d20097af1aad02b0') in 0.016662 seconds 
========================================================================
Received Import Request.
  Time since last request: 0.000259 seconds.
  path: Assets/Platformer Art Pack/Art/Tiles/Tilemap_0.asset
  artifactKey: Guid(0b90d755f993fff4a8cb2f85f17cf2be) Importer(815301076,1909f56bfc062723c751e8b465ee728b)
Start importing Assets/Platformer Art Pack/Art/Tiles/Tilemap_0.asset using Guid(0b90d755f993fff4a8cb2f85f17cf2be) Importer(815301076,1909f56bfc062723c751e8b465ee728b)  -> (artifact id: '97787c4cb70d0efc15b75556a1b874f3') in 0.011502 seconds 
========================================================================
Received Import Request.
  Time since last request: 1.294065 seconds.
  path: Assets/Platformer Art Pack/Art/Tiles/Tilemap_8.asset
  artifactKey: Guid(94a7d28da3c13a44c83cdf9b751a450d) Importer(815301076,1909f56bfc062723c751e8b465ee728b)
Start importing Assets/Platformer Art Pack/Art/Tiles/Tilemap_8.asset using Guid(94a7d28da3c13a44c83cdf9b751a450d) Importer(815301076,1909f56bfc062723c751e8b465ee728b)  -> (artifact id: 'c228448fc80a9e97c4b3f57e3c2921c1') in 0.010556 seconds 
========================================================================
Received Import Request.
  Time since last request: 0.000264 seconds.
  path: Assets/Platformer Art Pack/Art/Tiles/Tilemap_9.asset
  artifactKey: Guid(9561305276d9f7a4889a4fc1e2b31d85) Importer(815301076,1909f56bfc062723c751e8b465ee728b)
Start importing Assets/Platformer Art Pack/Art/Tiles/Tilemap_9.asset using Guid(9561305276d9f7a4889a4fc1e2b31d85) Importer(815301076,1909f56bfc062723c751e8b465ee728b)  -> (artifact id: '542f476dd2b2e2bf873aada06c77ca7c') in 0.010860 seconds 
========================================================================
Received Import Request.
  Time since last request: 0.295432 seconds.
  path: Assets/Platformer Art Pack/Art/Tiles/Tilemap_10.asset
  artifactKey: Guid(180d955ebf74a354baaadba2ff1b69f0) Importer(815301076,1909f56bfc062723c751e8b465ee728b)
Start importing Assets/Platformer Art Pack/Art/Tiles/Tilemap_10.asset using Guid(180d955ebf74a354baaadba2ff1b69f0) Importer(815301076,1909f56bfc062723c751e8b465ee728b)  -> (artifact id: '22b1f02c1e41b9c0206a9fc5bbcc8ebd') in 0.010131 seconds 
========================================================================
Received Import Request.
  Time since last request: 0.000264 seconds.
  path: Assets/Platformer Art Pack/Art/Tiles/Tilemap_11.asset
  artifactKey: Guid(19f26d9a380581043a677447cbee4841) Importer(815301076,1909f56bfc062723c751e8b465ee728b)
Start importing Assets/Platformer Art Pack/Art/Tiles/Tilemap_11.asset using Guid(19f26d9a380581043a677447cbee4841) Importer(815301076,1909f56bfc062723c751e8b465ee728b)  -> (artifact id: '15045b7e9e800e5323dce7bb3f7a628a') in 0.010232 seconds 
========================================================================
Received Import Request.
  Time since last request: 0.027787 seconds.
  path: Assets/Platformer Art Pack/Art/Tiles/Tilemap_12.asset
  artifactKey: Guid(a25753bbe2f43cd458ac0a0f35aae389) Importer(815301076,1909f56bfc062723c751e8b465ee728b)
Start importing Assets/Platformer Art Pack/Art/Tiles/Tilemap_12.asset using Guid(a25753bbe2f43cd458ac0a0f35aae389) Importer(815301076,1909f56bfc062723c751e8b465ee728b)  -> (artifact id: 'cddf738056cd9dd1f66308e7568c5be3') in 0.009596 seconds 
========================================================================
Received Import Request.
  Time since last request: 0.000231 seconds.
  path: Assets/Platformer Art Pack/Art/Tiles/Tilemap_13.asset
  artifactKey: Guid(6adf270ef8c334d4eb53ff157f213311) Importer(815301076,1909f56bfc062723c751e8b465ee728b)
Start importing Assets/Platformer Art Pack/Art/Tiles/Tilemap_13.asset using Guid(6adf270ef8c334d4eb53ff157f213311) Importer(815301076,1909f56bfc062723c751e8b465ee728b)  -> (artifact id: 'ae276a9179725ccae1a1b7daa96d2f97') in 0.009416 seconds 
========================================================================
Received Import Request.
  Time since last request: 0.313165 seconds.
  path: Assets/Platformer Art Pack/Art/Tiles/Tilemap_14.asset
  artifactKey: Guid(dd96d813c7e51484bb5e720de396d6ab) Importer(815301076,1909f56bfc062723c751e8b465ee728b)
Start importing Assets/Platformer Art Pack/Art/Tiles/Tilemap_14.asset using Guid(dd96d813c7e51484bb5e720de396d6ab) Importer(815301076,1909f56bfc062723c751e8b465ee728b)  -> (artifact id: 'dae3399e75a59c97bc36912846c7b3fe') in 0.009837 seconds 
========================================================================
Received Import Request.
  Time since last request: 0.000265 seconds.
  path: Assets/Platformer Art Pack/Art/Tiles/Tilemap_15.asset
  artifactKey: Guid(8b7cb5b3714f2cf4fa250b474999c3ef) Importer(815301076,1909f56bfc062723c751e8b465ee728b)
Start importing Assets/Platformer Art Pack/Art/Tiles/Tilemap_15.asset using Guid(8b7cb5b3714f2cf4fa250b474999c3ef) Importer(815301076,1909f56bfc062723c751e8b465ee728b)  -> (artifact id: '998254d42fd6c9b0320474a47f8dcb8c') in 0.011521 seconds 
========================================================================
Received Import Request.
  Time since last request: 1.383326 seconds.
  path: Assets/Platformer Art Pack/Art/Tiles/Tilemap_16.asset
  artifactKey: Guid(8d176621a2291c04782c1dda5003df04) Importer(815301076,1909f56bfc062723c751e8b465ee728b)
Start importing Assets/Platformer Art Pack/Art/Tiles/Tilemap_16.asset using Guid(8d176621a2291c04782c1dda5003df04) Importer(815301076,1909f56bfc062723c751e8b465ee728b)  -> (artifact id: 'faec7468cfac378f608e19ece80bd680') in 0.010112 seconds 
========================================================================
Received Import Request.
  Time since last request: 0.000238 seconds.
  path: Assets/Platformer Art Pack/Art/Tiles/Tilemap_17.asset
  artifactKey: Guid(679bdb103b8a03c47ab12fb5acbc0798) Importer(815301076,1909f56bfc062723c751e8b465ee728b)
Start importing Assets/Platformer Art Pack/Art/Tiles/Tilemap_17.asset using Guid(679bdb103b8a03c47ab12fb5acbc0798) Importer(815301076,1909f56bfc062723c751e8b465ee728b)  -> (artifact id: '2dbd1151fb39aaacc9871aed6cf0593a') in 0.010694 seconds 
========================================================================
Received Import Request.
  Time since last request: 0.530090 seconds.
  path: Assets/Platformer Art Pack/Art/Tiles/Tilemap_18.asset
  artifactKey: Guid(303035bb20ccdb245a7f2dfb20c5e8e4) Importer(815301076,1909f56bfc062723c751e8b465ee728b)
Start importing Assets/Platformer Art Pack/Art/Tiles/Tilemap_18.asset using Guid(303035bb20ccdb245a7f2dfb20c5e8e4) Importer(815301076,1909f56bfc062723c751e8b465ee728b)  -> (artifact id: '6e088e19cf5d125e751a14f02be995d7') in 0.008783 seconds 
========================================================================
Received Import Request.
  Time since last request: 0.000214 seconds.
  path: Assets/Platformer Art Pack/Art/Tiles/Tilemap_19.asset
  artifactKey: Guid(2e4a7ec21ba43b549853c7daf28df21c) Importer(815301076,1909f56bfc062723c751e8b465ee728b)
Start importing Assets/Platformer Art Pack/Art/Tiles/Tilemap_19.asset using Guid(2e4a7ec21ba43b549853c7daf28df21c) Importer(815301076,1909f56bfc062723c751e8b465ee728b)  -> (artifact id: '61a71ada599b12f0cae3185a1e7bf6cb') in 0.009534 seconds 
========================================================================
Received Import Request.
  Time since last request: 0.033215 seconds.
  path: Assets/Platformer Art Pack/Art/Tiles/Tilemap_20.asset
  artifactKey: Guid(8da36d5df895c4149ae5a9e8bf001507) Importer(815301076,1909f56bfc062723c751e8b465ee728b)
Start importing Assets/Platformer Art Pack/Art/Tiles/Tilemap_20.asset using Guid(8da36d5df895c4149ae5a9e8bf001507) Importer(815301076,1909f56bfc062723c751e8b465ee728b)  -> (artifact id: '8bf5ad4cc094eda06412d3870718ba64') in 0.008897 seconds 
========================================================================
Received Import Request.
  Time since last request: 0.000244 seconds.
  path: Assets/Platformer Art Pack/Art/Tiles/Tilemap_21.asset
  artifactKey: Guid(8e2370e36697a0c419d574fdf4be34fc) Importer(815301076,1909f56bfc062723c751e8b465ee728b)
Start importing Assets/Platformer Art Pack/Art/Tiles/Tilemap_21.asset using Guid(8e2370e36697a0c419d574fdf4be34fc) Importer(815301076,1909f56bfc062723c751e8b465ee728b)  -> (artifact id: '98813752587d94decf940fa67f70d740') in 0.008837 seconds 
========================================================================
Received Import Request.
  Time since last request: 0.333379 seconds.
  path: Assets/Platformer Art Pack/Art/Tiles/Tilemap_22.asset
  artifactKey: Guid(f32442776695cb84fa88811ab18aa56d) Importer(815301076,1909f56bfc062723c751e8b465ee728b)
Start importing Assets/Platformer Art Pack/Art/Tiles/Tilemap_22.asset using Guid(f32442776695cb84fa88811ab18aa56d) Importer(815301076,1909f56bfc062723c751e8b465ee728b)  -> (artifact id: '2cc0f3350d4b833b20f7e20292280bc0') in 0.008984 seconds 
========================================================================
Received Import Request.
  Time since last request: 0.000332 seconds.
  path: Assets/Platformer Art Pack/Art/Tiles/Tilemap_23.asset
  artifactKey: Guid(c7f826191a8bdaf458f4d04d7cd1849d) Importer(815301076,1909f56bfc062723c751e8b465ee728b)
Start importing Assets/Platformer Art Pack/Art/Tiles/Tilemap_23.asset using Guid(c7f826191a8bdaf458f4d04d7cd1849d) Importer(815301076,1909f56bfc062723c751e8b465ee728b)  -> (artifact id: '61bee76ef89ca742482409a73a49a55b') in 0.008757 seconds 
========================================================================
Received Import Request.
  Time since last request: 0.862137 seconds.
  path: Assets/Platformer Art Pack/Art/Tiles/Tilemap_24.asset
  artifactKey: Guid(0ce213f1b3d01c945839f972274803cb) Importer(815301076,1909f56bfc062723c751e8b465ee728b)
Start importing Assets/Platformer Art Pack/Art/Tiles/Tilemap_24.asset using Guid(0ce213f1b3d01c945839f972274803cb) Importer(815301076,1909f56bfc062723c751e8b465ee728b)  -> (artifact id: 'a444edb0b32f2bfad7c55e82ca704de8') in 0.009143 seconds 
========================================================================
Received Import Request.
  Time since last request: 0.000264 seconds.
  path: Assets/Platformer Art Pack/Art/Tiles/Tilemap_25.asset
  artifactKey: Guid(63b8ac736166c464a9885cfbc0996088) Importer(815301076,1909f56bfc062723c751e8b465ee728b)
Start importing Assets/Platformer Art Pack/Art/Tiles/Tilemap_25.asset using Guid(63b8ac736166c464a9885cfbc0996088) Importer(815301076,1909f56bfc062723c751e8b465ee728b)  -> (artifact id: '3fca45947dc5b1e81b55416b99f5444f') in 0.009222 seconds 
========================================================================
Received Import Request.
  Time since last request: 0.047941 seconds.
  path: Assets/Platformer Art Pack/Art/Tiles/Tilemap_26.asset
  artifactKey: Guid(fefcb9a39fce6ff479832b4a2632864d) Importer(815301076,1909f56bfc062723c751e8b465ee728b)
Start importing Assets/Platformer Art Pack/Art/Tiles/Tilemap_26.asset using Guid(fefcb9a39fce6ff479832b4a2632864d) Importer(815301076,1909f56bfc062723c751e8b465ee728b)  -> (artifact id: '318d240d7a63408c32a9f69f0494c982') in 0.008658 seconds 
========================================================================
Received Import Request.
  Time since last request: 0.000239 seconds.
  path: Assets/Platformer Art Pack/Art/Tiles/Tilemap_27.asset
  artifactKey: Guid(01126dcafd48b714d890bd956de88b6f) Importer(815301076,1909f56bfc062723c751e8b465ee728b)
Start importing Assets/Platformer Art Pack/Art/Tiles/Tilemap_27.asset using Guid(01126dcafd48b714d890bd956de88b6f) Importer(815301076,1909f56bfc062723c751e8b465ee728b)  -> (artifact id: 'ac85b104b83f84077e81dab10362f2b1') in 0.008678 seconds 
========================================================================
Received Import Request.
  Time since last request: 0.398697 seconds.
  path: Assets/Platformer Art Pack/Art/Tiles/Tilemap_28.asset
  artifactKey: Guid(f011b793d34a89141840b12ab4556ab6) Importer(815301076,1909f56bfc062723c751e8b465ee728b)
Start importing Assets/Platformer Art Pack/Art/Tiles/Tilemap_28.asset using Guid(f011b793d34a89141840b12ab4556ab6) Importer(815301076,1909f56bfc062723c751e8b465ee728b)  -> (artifact id: '7e69bb626261ea2e2b05b7281558aa67') in 0.008982 seconds 
========================================================================
Received Import Request.
  Time since last request: 0.000231 seconds.
  path: Assets/Platformer Art Pack/Art/Tiles/Tilemap_29.asset
  artifactKey: Guid(74edfa11f23e0984781f543019908f93) Importer(815301076,1909f56bfc062723c751e8b465ee728b)
Start importing Assets/Platformer Art Pack/Art/Tiles/Tilemap_29.asset using Guid(74edfa11f23e0984781f543019908f93) Importer(815301076,1909f56bfc062723c751e8b465ee728b)  -> (artifact id: '7ead94d35de02fda9b2f5b167ab9377a') in 0.008899 seconds 
========================================================================
Received Import Request.
  Time since last request: 0.226996 seconds.
  path: Assets/Platformer Art Pack/Art/Tiles/Tilemap_30.asset
  artifactKey: Guid(26f80c0dca2503a45946576e455aa23a) Importer(815301076,1909f56bfc062723c751e8b465ee728b)
Start importing Assets/Platformer Art Pack/Art/Tiles/Tilemap_30.asset using Guid(26f80c0dca2503a45946576e455aa23a) Importer(815301076,1909f56bfc062723c751e8b465ee728b)  -> (artifact id: '9029357828ed393490ae126fb946f812') in 0.008982 seconds 
========================================================================
Received Import Request.
  Time since last request: 0.000273 seconds.
  path: Assets/Platformer Art Pack/Art/Tiles/Tilemap_31.asset
  artifactKey: Guid(8cd3db0c15b80bf469556cc4dcdaab84) Importer(815301076,1909f56bfc062723c751e8b465ee728b)
Start importing Assets/Platformer Art Pack/Art/Tiles/Tilemap_31.asset using Guid(8cd3db0c15b80bf469556cc4dcdaab84) Importer(815301076,1909f56bfc062723c751e8b465ee728b)  -> (artifact id: 'cc5d82ecf2457639217bc4b6ed384ace') in 0.009693 seconds 
========================================================================
Received Import Request.
  Time since last request: 0.713221 seconds.
  path: Assets/Platformer Art Pack/Art/Tiles/Tilemap_32.asset
  artifactKey: Guid(9c7951cd4f892d84cae00f029f039123) Importer(815301076,1909f56bfc062723c751e8b465ee728b)
Start importing Assets/Platformer Art Pack/Art/Tiles/Tilemap_32.asset using Guid(9c7951cd4f892d84cae00f029f039123) Importer(815301076,1909f56bfc062723c751e8b465ee728b)  -> (artifact id: '49ce43460b44eaec4f1d05f561ade89b') in 0.008625 seconds 
========================================================================
Received Import Request.
  Time since last request: 0.000245 seconds.
  path: Assets/Platformer Art Pack/Art/Tiles/Tilemap_33.asset
  artifactKey: Guid(5015d2093ea6e24409965d872d84ca41) Importer(815301076,1909f56bfc062723c751e8b465ee728b)
Start importing Assets/Platformer Art Pack/Art/Tiles/Tilemap_33.asset using Guid(5015d2093ea6e24409965d872d84ca41) Importer(815301076,1909f56bfc062723c751e8b465ee728b)  -> (artifact id: '4353f464a165072ce716390a7856427f') in 0.009961 seconds 
========================================================================
Received Import Request.
  Time since last request: 0.027815 seconds.
  path: Assets/Platformer Art Pack/Art/Tiles/Tilemap_34.asset
  artifactKey: Guid(13d1d177a4187754f809a892a4125fc7) Importer(815301076,1909f56bfc062723c751e8b465ee728b)
Start importing Assets/Platformer Art Pack/Art/Tiles/Tilemap_34.asset using Guid(13d1d177a4187754f809a892a4125fc7) Importer(815301076,1909f56bfc062723c751e8b465ee728b)  -> (artifact id: '7f5a452ab7c84660dd5adce2ebf3f36e') in 0.008865 seconds 
========================================================================
Received Import Request.
  Time since last request: 0.000198 seconds.
  path: Assets/Platformer Art Pack/Art/Tiles/Tilemap_35.asset
  artifactKey: Guid(bb8ac62281604704e889414c60b22f4c) Importer(815301076,1909f56bfc062723c751e8b465ee728b)
Start importing Assets/Platformer Art Pack/Art/Tiles/Tilemap_35.asset using Guid(bb8ac62281604704e889414c60b22f4c) Importer(815301076,1909f56bfc062723c751e8b465ee728b)  -> (artifact id: 'add94dcfcc3738638c7171371c6e763f') in 0.008672 seconds 
========================================================================
Received Import Request.
  Time since last request: 0.286743 seconds.
  path: Assets/Platformer Art Pack/Art/Tiles/Tilemap_36.asset
  artifactKey: Guid(eefdee2e2370bd3488b3298572f30a8e) Importer(815301076,1909f56bfc062723c751e8b465ee728b)
Start importing Assets/Platformer Art Pack/Art/Tiles/Tilemap_36.asset using Guid(eefdee2e2370bd3488b3298572f30a8e) Importer(815301076,1909f56bfc062723c751e8b465ee728b)  -> (artifact id: '8ae31d50e7ebb40caa880cba5fb66f5f') in 0.008962 seconds 
========================================================================
Received Import Request.
  Time since last request: 0.000237 seconds.
  path: Assets/Platformer Art Pack/Art/Tiles/Tilemap_37.asset
  artifactKey: Guid(4531506c7c40b3047bf082be201e18ee) Importer(815301076,1909f56bfc062723c751e8b465ee728b)
Start importing Assets/Platformer Art Pack/Art/Tiles/Tilemap_37.asset using Guid(4531506c7c40b3047bf082be201e18ee) Importer(815301076,1909f56bfc062723c751e8b465ee728b)  -> (artifact id: 'c4de5bc1d195de0501736cfca4958cd5') in 0.009106 seconds 
========================================================================
Received Import Request.
  Time since last request: 0.852958 seconds.
  path: Assets/Platformer Art Pack/Art/Tiles/Tilemap_38.asset
  artifactKey: Guid(8baa0be327c22ba469156d5c4ba01b54) Importer(815301076,1909f56bfc062723c751e8b465ee728b)
Start importing Assets/Platformer Art Pack/Art/Tiles/Tilemap_38.asset using Guid(8baa0be327c22ba469156d5c4ba01b54) Importer(815301076,1909f56bfc062723c751e8b465ee728b)  -> (artifact id: 'cfdc5e9f37ced1e3808424e577bbc5f3') in 0.008868 seconds 
========================================================================
Received Import Request.
  Time since last request: 0.000247 seconds.
  path: Assets/Platformer Art Pack/Art/Tiles/Tilemap_39.asset
  artifactKey: Guid(da2d4a23e638d4b47872a87c35a100ec) Importer(815301076,1909f56bfc062723c751e8b465ee728b)
Start importing Assets/Platformer Art Pack/Art/Tiles/Tilemap_39.asset using Guid(da2d4a23e638d4b47872a87c35a100ec) Importer(815301076,1909f56bfc062723c751e8b465ee728b)  -> (artifact id: '52ec62514e868ddfdbf63c6bbfe431c7') in 0.008549 seconds 
========================================================================
Received Import Request.
  Time since last request: 0.038384 seconds.
  path: Assets/Platformer Art Pack/Art/Tiles/Tilemap_40.asset
  artifactKey: Guid(2246475630da9bf4389df29ad5e99864) Importer(815301076,1909f56bfc062723c751e8b465ee728b)
Start importing Assets/Platformer Art Pack/Art/Tiles/Tilemap_40.asset using Guid(2246475630da9bf4389df29ad5e99864) Importer(815301076,1909f56bfc062723c751e8b465ee728b)  -> (artifact id: 'e138d97ef3abcf6adcf192119e524874') in 0.008727 seconds 
========================================================================
Received Import Request.
  Time since last request: 0.000236 seconds.
  path: Assets/Platformer Art Pack/Art/Tiles/Tilemap_41.asset
  artifactKey: Guid(def9eb0cad0543540903f24f5d6e77ac) Importer(815301076,1909f56bfc062723c751e8b465ee728b)
Start importing Assets/Platformer Art Pack/Art/Tiles/Tilemap_41.asset using Guid(def9eb0cad0543540903f24f5d6e77ac) Importer(815301076,1909f56bfc062723c751e8b465ee728b)  -> (artifact id: '6b425ee18bd5e5dea7de218cbc6d22c8') in 0.009438 seconds 
========================================================================
Received Import Request.
  Time since last request: 0.303891 seconds.
  path: Assets/Platformer Art Pack/Art/Tiles/Tilemap_42.asset
  artifactKey: Guid(521ca290511108c4d815336b777746fc) Importer(815301076,1909f56bfc062723c751e8b465ee728b)
Start importing Assets/Platformer Art Pack/Art/Tiles/Tilemap_42.asset using Guid(521ca290511108c4d815336b777746fc) Importer(815301076,1909f56bfc062723c751e8b465ee728b)  -> (artifact id: '1cb5ed6e351fe45544db54193477f000') in 0.008487 seconds 
========================================================================
Received Import Request.
  Time since last request: 0.000222 seconds.
  path: Assets/Platformer Art Pack/Art/Tiles/Tilemap_43.asset
  artifactKey: Guid(c20990ebefa5a6d499d0f2e6860eeb28) Importer(815301076,1909f56bfc062723c751e8b465ee728b)
Start importing Assets/Platformer Art Pack/Art/Tiles/Tilemap_43.asset using Guid(c20990ebefa5a6d499d0f2e6860eeb28) Importer(815301076,1909f56bfc062723c751e8b465ee728b)  -> (artifact id: 'aee7a1adeec403b650e79e93dc7c4b73') in 0.010332 seconds 
========================================================================
Received Import Request.
  Time since last request: 0.051200 seconds.
  path: Assets/Platformer Art Pack/Art/Tiles/Tilemap_44.asset
  artifactKey: Guid(63ae5f0e13976c946abc4d6c4e89b1aa) Importer(815301076,1909f56bfc062723c751e8b465ee728b)
Start importing Assets/Platformer Art Pack/Art/Tiles/Tilemap_44.asset using Guid(63ae5f0e13976c946abc4d6c4e89b1aa) Importer(815301076,1909f56bfc062723c751e8b465ee728b)  -> (artifact id: 'e8d059fc821d094d9cb2415121195aa4') in 0.009709 seconds 
========================================================================
Received Import Request.
  Time since last request: 0.000253 seconds.
  path: Assets/Platformer Art Pack/Art/Tiles/Tilemap_45.asset
  artifactKey: Guid(e95afbf51015d2e4b92fe5680627d1ef) Importer(815301076,1909f56bfc062723c751e8b465ee728b)
Start importing Assets/Platformer Art Pack/Art/Tiles/Tilemap_45.asset using Guid(e95afbf51015d2e4b92fe5680627d1ef) Importer(815301076,1909f56bfc062723c751e8b465ee728b)  -> (artifact id: '252b7264d528cacf07909b763096712b') in 0.008775 seconds 
========================================================================
Received Import Request.
  Time since last request: 0.269240 seconds.
  path: Assets/Platformer Art Pack/Art/Tiles/Tilemap_46.asset
  artifactKey: Guid(39eed7b1b8153654c80d3a1fbeed77a1) Importer(815301076,1909f56bfc062723c751e8b465ee728b)
Start importing Assets/Platformer Art Pack/Art/Tiles/Tilemap_46.asset using Guid(39eed7b1b8153654c80d3a1fbeed77a1) Importer(815301076,1909f56bfc062723c751e8b465ee728b)  -> (artifact id: 'f468ca68ad219f74126cc7718c97ece1') in 0.008684 seconds 
========================================================================
Received Import Request.
  Time since last request: 0.000245 seconds.
  path: Assets/Platformer Art Pack/Art/Tiles/Tilemap_47.asset
  artifactKey: Guid(4b85bef4abb93994c8a8fdf86d4cc44f) Importer(815301076,1909f56bfc062723c751e8b465ee728b)
Start importing Assets/Platformer Art Pack/Art/Tiles/Tilemap_47.asset using Guid(4b85bef4abb93994c8a8fdf86d4cc44f) Importer(815301076,1909f56bfc062723c751e8b465ee728b)  -> (artifact id: '29aca4ce08413c063e4485a0983a8b06') in 0.009473 seconds 
========================================================================
Received Import Request.
  Time since last request: 0.035048 seconds.
  path: Assets/Platformer Art Pack/Art/Tiles/Tilemap_48.asset
  artifactKey: Guid(7897dbca857eb6545a0ed3d237deaccc) Importer(815301076,1909f56bfc062723c751e8b465ee728b)
Start importing Assets/Platformer Art Pack/Art/Tiles/Tilemap_48.asset using Guid(7897dbca857eb6545a0ed3d237deaccc) Importer(815301076,1909f56bfc062723c751e8b465ee728b)  -> (artifact id: 'c87567d70e45b7bea17c1731e0dc58f6') in 0.008662 seconds 
========================================================================
Received Import Request.
  Time since last request: 0.000265 seconds.
  path: Assets/Platformer Art Pack/Art/Tiles/Tilemap_49.asset
  artifactKey: Guid(36bed7d2d17da1849b49b8eda7907fd0) Importer(815301076,1909f56bfc062723c751e8b465ee728b)
Start importing Assets/Platformer Art Pack/Art/Tiles/Tilemap_49.asset using Guid(36bed7d2d17da1849b49b8eda7907fd0) Importer(815301076,1909f56bfc062723c751e8b465ee728b)  -> (artifact id: '3c0d8014218399f683d865364e734867') in 0.008931 seconds 
========================================================================
Received Import Request.
  Time since last request: 0.254230 seconds.
  path: Assets/Platformer Art Pack/Art/Tiles/Tilemap_50.asset
  artifactKey: Guid(e7712cbfebab9ec4aa3ae04146032e94) Importer(815301076,1909f56bfc062723c751e8b465ee728b)
Start importing Assets/Platformer Art Pack/Art/Tiles/Tilemap_50.asset using Guid(e7712cbfebab9ec4aa3ae04146032e94) Importer(815301076,1909f56bfc062723c751e8b465ee728b)  -> (artifact id: 'e84f2c2501d9c12ea5eefe28cdf4ff1c') in 0.008617 seconds 
========================================================================
Received Import Request.
  Time since last request: 0.000251 seconds.
  path: Assets/Platformer Art Pack/Art/Tiles/Tilemap_51.asset
  artifactKey: Guid(11b8fdfcbb3b8394aad4e832eb0d61c8) Importer(815301076,1909f56bfc062723c751e8b465ee728b)
Start importing Assets/Platformer Art Pack/Art/Tiles/Tilemap_51.asset using Guid(11b8fdfcbb3b8394aad4e832eb0d61c8) Importer(815301076,1909f56bfc062723c751e8b465ee728b)  -> (artifact id: 'a584d6fc7ff346f78fed8018cd882a50') in 0.009003 seconds 
========================================================================
Received Import Request.
  Time since last request: 0.036062 seconds.
  path: Assets/Platformer Art Pack/Art/Tiles/Tilemap_52.asset
  artifactKey: Guid(f23e72c7ccfc6834fad2efe694895a23) Importer(815301076,1909f56bfc062723c751e8b465ee728b)
Start importing Assets/Platformer Art Pack/Art/Tiles/Tilemap_52.asset using Guid(f23e72c7ccfc6834fad2efe694895a23) Importer(815301076,1909f56bfc062723c751e8b465ee728b)  -> (artifact id: 'b44231c001aa5624924aa258f31eeccb') in 0.008725 seconds 
========================================================================
Received Import Request.
  Time since last request: 0.000290 seconds.
  path: Assets/Platformer Art Pack/Art/Tiles/Tilemap_53.asset
  artifactKey: Guid(23d3bbf5c63fe4642a4d47f801f22968) Importer(815301076,1909f56bfc062723c751e8b465ee728b)
Start importing Assets/Platformer Art Pack/Art/Tiles/Tilemap_53.asset using Guid(23d3bbf5c63fe4642a4d47f801f22968) Importer(815301076,1909f56bfc062723c751e8b465ee728b)  -> (artifact id: '142ad04d9bb2cd9a95b4ac9207d6d2c2') in 0.010034 seconds 
========================================================================
Received Prepare
Registering precompiled user dll's ...
Registered in 0.002961 seconds.
Begin MonoManager ReloadAssembly
Symbol file LoadedFromMemory doesn't match image C:\Users\itisd\Documents\Platformer-Side-Build\Spirte Mask Game\Library\PackageCache\com.unity.visualscripting@1.6.1\Editor\VisualScripting.Core\Dependencies\YamlDotNet\Unity.VisualScripting.YamlDotNet.dll
Symbol file LoadedFromMemory doesn't match image C:\Users\itisd\Documents\Platformer-Side-Build\Spirte Mask Game\Library\PackageCache\com.unity.visualscripting@1.6.1\Editor\VisualScripting.Core\Dependencies\DotNetZip\Unity.VisualScripting.IonicZip.dll
Native extension for WindowsStandalone target not found
Refreshing native plugins compatible for Editor in 0.65 ms, found 2 plugins.
Preloading 0 native plugins for Editor in 0.00 ms.
Mono: successfully reloaded assembly
- Completed reload, in  0.932 seconds
Platform modules already initialized, skipping
Refreshing native plugins compatible for Editor in 0.62 ms, found 2 plugins.
Preloading 0 native plugins for Editor in 0.00 ms.
Unloading 3388 Unused Serialized files (Serialized files now loaded: 0)
System memory in use before: 136.5 MB.
System memory in use after: 136.7 MB.

Unloading 11 unused Assets to reduce memory usage. Loaded Objects now: 3977.
Total: 2.390000 ms (FindLiveObjects: 0.261800 ms CreateObjectMapping: 0.172300 ms MarkObjects: 1.939000 ms  DeleteObjects: 0.016200 ms)

========================================================================
Received Prepare
Registering precompiled user dll's ...
Registered in 0.002824 seconds.
Begin MonoManager ReloadAssembly
Symbol file LoadedFromMemory doesn't match image C:\Users\itisd\Documents\Platformer-Side-Build\Spirte Mask Game\Library\PackageCache\com.unity.visualscripting@1.6.1\Editor\VisualScripting.Core\Dependencies\YamlDotNet\Unity.VisualScripting.YamlDotNet.dll
Symbol file LoadedFromMemory doesn't match image C:\Users\itisd\Documents\Platformer-Side-Build\Spirte Mask Game\Library\PackageCache\com.unity.visualscripting@1.6.1\Editor\VisualScripting.Core\Dependencies\DotNetZip\Unity.VisualScripting.IonicZip.dll
Native extension for WindowsStandalone target not found
Refreshing native plugins compatible for Editor in 0.60 ms, found 2 plugins.
Preloading 0 native plugins for Editor in 0.00 ms.
Mono: successfully reloaded assembly
- Completed reload, in  0.928 seconds
Platform modules already initialized, skipping
Refreshing native plugins compatible for Editor in 0.62 ms, found 2 plugins.
Preloading 0 native plugins for Editor in 0.00 ms.
Unloading 3387 Unused Serialized files (Serialized files now loaded: 0)
System memory in use before: 136.5 MB.
System memory in use after: 136.7 MB.

Unloading 11 unused Assets to reduce memory usage. Loaded Objects now: 3981.
Total: 2.393500 ms (FindLiveObjects: 0.234700 ms CreateObjectMapping: 0.150300 ms MarkObjects: 1.992400 ms  DeleteObjects: 0.015200 ms)

========================================================================
Received Prepare
Registering precompiled user dll's ...
Registered in 0.003018 seconds.
Begin MonoManager ReloadAssembly
Symbol file LoadedFromMemory doesn't match image C:\Users\itisd\Documents\Platformer-Side-Build\Spirte Mask Game\Library\PackageCache\com.unity.visualscripting@1.6.1\Editor\VisualScripting.Core\Dependencies\YamlDotNet\Unity.VisualScripting.YamlDotNet.dll
Symbol file LoadedFromMemory doesn't match image C:\Users\itisd\Documents\Platformer-Side-Build\Spirte Mask Game\Library\PackageCache\com.unity.visualscripting@1.6.1\Editor\VisualScripting.Core\Dependencies\DotNetZip\Unity.VisualScripting.IonicZip.dll
Native extension for WindowsStandalone target not found
Refreshing native plugins compatible for Editor in 0.61 ms, found 2 plugins.
Preloading 0 native plugins for Editor in 0.00 ms.
Mono: successfully reloaded assembly
- Completed reload, in  0.955 seconds
Platform modules already initialized, skipping
Refreshing native plugins compatible for Editor in 0.79 ms, found 2 plugins.
Preloading 0 native plugins for Editor in 0.00 ms.
Unloading 3387 Unused Serialized files (Serialized files now loaded: 0)
System memory in use before: 136.5 MB.
System memory in use after: 136.7 MB.

Unloading 11 unused Assets to reduce memory usage. Loaded Objects now: 3985.
Total: 2.404400 ms (FindLiveObjects: 0.235700 ms CreateObjectMapping: 0.148300 ms MarkObjects: 2.003200 ms  DeleteObjects: 0.016400 ms)

========================================================================
Received Prepare
Registering precompiled user dll's ...
Registered in 0.003010 seconds.
Begin MonoManager ReloadAssembly
Symbol file LoadedFromMemory doesn't match image C:\Users\itisd\Documents\Platformer-Side-Build\Spirte Mask Game\Library\PackageCache\com.unity.visualscripting@1.6.1\Editor\VisualScripting.Core\Dependencies\YamlDotNet\Unity.VisualScripting.YamlDotNet.dll
Symbol file LoadedFromMemory doesn't match image C:\Users\itisd\Documents\Platformer-Side-Build\Spirte Mask Game\Library\PackageCache\com.unity.visualscripting@1.6.1\Editor\VisualScripting.Core\Dependencies\DotNetZip\Unity.VisualScripting.IonicZip.dll
Native extension for WindowsStandalone target not found
Refreshing native plugins compatible for Editor in 0.65 ms, found 2 plugins.
Preloading 0 native plugins for Editor in 0.00 ms.
Mono: successfully reloaded assembly
- Completed reload, in  0.975 seconds
Platform modules already initialized, skipping
Refreshing native plugins compatible for Editor in 0.59 ms, found 2 plugins.
Preloading 0 native plugins for Editor in 0.00 ms.
Unloading 3387 Unused Serialized files (Serialized files now loaded: 0)
System memory in use before: 136.5 MB.
System memory in use after: 136.7 MB.

Unloading 11 unused Assets to reduce memory usage. Loaded Objects now: 3989.
Total: 2.263200 ms (FindLiveObjects: 0.242900 ms CreateObjectMapping: 0.155000 ms MarkObjects: 1.850200 ms  DeleteObjects: 0.014300 ms)

========================================================================
Received Import Request.
  Time since last request: 1238.255344 seconds.
  path: Assets/Project/Rule TIle's/Tan.asset
  artifactKey: Guid(197d8ac71dc3dd747a620e5026365bd1) Importer(815301076,1909f56bfc062723c751e8b465ee728b)
Start importing Assets/Project/Rule TIle's/Tan.asset using Guid(197d8ac71dc3dd747a620e5026365bd1) Importer(815301076,1909f56bfc062723c751e8b465ee728b)  -> (artifact id: '72b15a087b4f0d49340b70a276d7f50a') in 0.025454 seconds 
========================================================================
Received Prepare
Registering precompiled user dll's ...
Registered in 0.002953 seconds.
Begin MonoManager ReloadAssembly
Symbol file LoadedFromMemory doesn't match image C:\Users\itisd\Documents\Platformer-Side-Build\Spirte Mask Game\Library\PackageCache\com.unity.visualscripting@1.6.1\Editor\VisualScripting.Core\Dependencies\YamlDotNet\Unity.VisualScripting.YamlDotNet.dll
Symbol file LoadedFromMemory doesn't match image C:\Users\itisd\Documents\Platformer-Side-Build\Spirte Mask Game\Library\PackageCache\com.unity.visualscripting@1.6.1\Editor\VisualScripting.Core\Dependencies\DotNetZip\Unity.VisualScripting.IonicZip.dll
Native extension for WindowsStandalone target not found
Refreshing native plugins compatible for Editor in 0.63 ms, found 2 plugins.
Preloading 0 native plugins for Editor in 0.00 ms.
Mono: successfully reloaded assembly
- Completed reload, in  0.913 seconds
Platform modules already initialized, skipping
Refreshing native plugins compatible for Editor in 0.60 ms, found 2 plugins.
Preloading 0 native plugins for Editor in 0.00 ms.
Unloading 3387 Unused Serialized files (Serialized files now loaded: 0)
System memory in use before: 136.5 MB.
System memory in use after: 136.7 MB.

Unloading 11 unused Assets to reduce memory usage. Loaded Objects now: 3993.
Total: 2.461300 ms (FindLiveObjects: 0.268800 ms CreateObjectMapping: 0.186000 ms MarkObjects: 1.990300 ms  DeleteObjects: 0.015300 ms)

========================================================================
Received Import Request.
  Time since last request: 538.515917 seconds.
  path: Assets/Platformer Art Pack/Art/Palette/BrownPiece.prefab
  artifactKey: Guid(91de12313b0c705448d2608cf884ee3e) Importer(815301076,1909f56bfc062723c751e8b465ee728b)
Start importing Assets/Platformer Art Pack/Art/Palette/BrownPiece.prefab using Guid(91de12313b0c705448d2608cf884ee3e) Importer(815301076,1909f56bfc062723c751e8b465ee728b)  -> (artifact id: '541737ce07b275c8996eea91df198202') in 0.028980 seconds 
========================================================================
Received Import Request.
  Time since last request: 49.554969 seconds.
  path: Assets/Platformer Art Pack/Art/Palette/BrownPiece.prefab
  artifactKey: Guid(91de12313b0c705448d2608cf884ee3e) Importer(815301076,1909f56bfc062723c751e8b465ee728b)
Start importing Assets/Platformer Art Pack/Art/Palette/BrownPiece.prefab using Guid(91de12313b0c705448d2608cf884ee3e) Importer(815301076,1909f56bfc062723c751e8b465ee728b)  -> (artifact id: '71640029dd6b12a05f87258febf78b53') in 0.003460 seconds 
========================================================================
Received Import Request.
  Time since last request: 29.289371 seconds.
  path: Assets/Platformer Art Pack/Art/Palette/BrownPiece.prefab
  artifactKey: Guid(91de12313b0c705448d2608cf884ee3e) Importer(815301076,1909f56bfc062723c751e8b465ee728b)
Start importing Assets/Platformer Art Pack/Art/Palette/BrownPiece.prefab using Guid(91de12313b0c705448d2608cf884ee3e) Importer(815301076,1909f56bfc062723c751e8b465ee728b)  -> (artifact id: 'ff39e1cb18d27dc6c1c739f64102505c') in 0.003366 seconds 
AssetImportWorkerClient::OnTransportError - code=2 error=End of file
